{"numFailedTestSuites":2,"numFailedTests":4,"numPassedTestSuites":0,"numPassedTests":0,"numPendingTestSuites":0,"numPendingTests":0,"numRuntimeErrorTestSuites":1,"numTodoTests":0,"numTotalTestSuites":2,"numTotalTests":4,"openHandles":[],"snapshot":{"added":0,"didUpdate":false,"failure":false,"filesAdded":0,"filesRemoved":0,"filesRemovedList":[],"filesUnmatched":0,"filesUpdated":0,"matched":0,"total":0,"unchecked":0,"uncheckedKeysByFile":[],"unmatched":0,"updated":0},"startTime":1787730374931,"success":false,"testResults":[{"assertionResults":[{"ancestorTitles":["#381 WAL backup guard"],"duration":2167,"failureDetails":[{"name":"TSError","diagnosticText":"\u001b[96msrc/config/database.ts\u001b[0m:\u001b[93m33\u001b[0m:\u001b[93m30\u001b[0m - \u001b[91merror\u001b[0m\u001b[90m TS2554: \u001b[0mExpected 2 arguments, but got 1.\n\n\u001b[7m33\u001b[0m         const result = await next(params);\n\u001b[7m  \u001b[0m \u001b[91m                             ~~~~\u001b[0m\n\n  \u001b[96mnode_modules/.prisma/client/index.d.ts\u001b[0m:\u001b[93m3506\u001b[0m:\u001b[93m5\u001b[0m\n    \u001b[7m3506\u001b[0m     next: (params: MiddlewareParams) => $Utils.JsPromise<T>,\n    \u001b[7m    \u001b[0m \u001b[96m    ~~~~~~~~~~~~~~~~~~~~~~~~~~~~~~~~~~~~~~~~~~~~~~~~~~~~~~~\u001b[0m\n    An argument for 'next' was not provided.\n\u001b[96msrc/config/database.ts\u001b[0m:\u001b[93m51\u001b[0m:\u001b[93m20\u001b[0m - \u001b[91merror\u001b[0m\u001b[90m TS2554: \u001b[0mExpected 2 arguments, but got 1.\n\n\u001b[7m51\u001b[0m       return await next(params);\n\u001b[7m  \u001b[0m \u001b[91m                   ~~~~\u001b[0m\n\n  \u001b[96mnode_modules/.prisma/client/index.d.ts\u001b[0m:\u001b[93m3506\u001b[0m:\u001b[93m5\u001b[0m\n    \u001b[7m3506\u001b[0m     next: (params: MiddlewareParams) => $Utils.JsPromise<T>,\n    \u001b[7m    \u001b[0m \u001b[96m    ~~~~~~~~~~~~~~~~~~~~~~~~~~~~~~~~~~~~~~~~~~~~~~~~~~~~~~~\u001b[0m\n    An argument for 'next' was not provided.\n\u001b[96msrc/config/database.ts\u001b[0m:\u001b[93m57\u001b[0m:\u001b[93m68\u001b[0m - \u001b[91merror\u001b[0m\u001b[90m TS2724: \u001b[0m'\"C:/Users/DELL/Desktop/acbu-backend/node_modules/.prisma/client/index\".Prisma' has no exported member named 'MiddlewareFn'. Did you mean 'Middleware'?\n\n\u001b[7m57\u001b[0m   client.$use(async (params: Prisma.MiddlewareParams, next: Prisma.MiddlewareFn) => {\n\u001b[7m  \u001b[0m \u001b[91m                                                                   ~~~~~~~~~~~~\u001b[0m\n\u001b[96msrc/config/database.ts\u001b[0m:\u001b[93m125\u001b[0m:\u001b[93m7\u001b[0m - \u001b[91merror\u001b[0m\u001b[90m TS6133: \u001b[0m'_STATEMENT_TIMEOUT_MS' is declared but its value is never read.\n\n\u001b[7m125\u001b[0m const _STATEMENT_TIMEOUT_MS = parseInt(\n\u001b[7m   \u001b[0m \u001b[91m      ~~~~~~~~~~~~~~~~~~~~~\u001b[0m\n","diagnosticCodes":[2554,2554,2724,6133]}],"failureMessages":[""],"fullName":"#381 WAL backup guard throws in production when PG_WAL_BACKUP_CONFIGURED is not set","invocations":1,"location":null,"numPassingAsserts":0,"retryReasons":[],"status":"failed","title":"throws in production when PG_WAL_BACKUP_CONFIGURED is not set"},{"ancestorTitles":["#381 WAL backup guard"],"duration":1546,"failureDetails":[{"name":"TSError","diagnosticText":"\u001b[96msrc/config/database.ts\u001b[0m:\u001b[93m33\u001b[0m:\u001b[93m30\u001b[0m - \u001b[91merror\u001b[0m\u001b[90m TS2554: \u001b[0mExpected 2 arguments, but got 1.\n\n\u001b[7m33\u001b[0m         const result = await next(params);\n\u001b[7m  \u001b[0m \u001b[91m                             ~~~~\u001b[0m\n\n  \u001b[96mnode_modules/.prisma/client/index.d.ts\u001b[0m:\u001b[93m3506\u001b[0m:\u001b[93m5\u001b[0m\n    \u001b[7m3506\u001b[0m     next: (params: MiddlewareParams) => $Utils.JsPromise<T>,\n    \u001b[7m    \u001b[0m \u001b[96m    ~~~~~~~~~~~~~~~~~~~~~~~~~~~~~~~~~~~~~~~~~~~~~~~~~~~~~~~\u001b[0m\n    An argument for 'next' was not provided.\n\u001b[96msrc/config/database.ts\u001b[0m:\u001b[93m51\u001b[0m:\u001b[93m20\u001b[0m - \u001b[91merror\u001b[0m\u001b[90m TS2554: \u001b[0mExpected 2 arguments, but got 1.\n\n\u001b[7m51\u001b[0m       return await next(params);\n\u001b[7m  \u001b[0m \u001b[91m                   ~~~~\u001b[0m\n\n  \u001b[96mnode_modules/.prisma/client/index.d.ts\u001b[0m:\u001b[93m3506\u001b[0m:\u001b[93m5\u001b[0m\n    \u001b[7m3506\u001b[0m     next: (params: MiddlewareParams) => $Utils.JsPromise<T>,\n    \u001b[7m    \u001b[0m \u001b[96m    ~~~~~~~~~~~~~~~~~~~~~~~~~~~~~~~~~~~~~~~~~~~~~~~~~~~~~~~\u001b[0m\n    An argument for 'next' was not provided.\n\u001b[96msrc/config/database.ts\u001b[0m:\u001b[93m57\u001b[0m:\u001b[93m68\u001b[0m - \u001b[91merror\u001b[0m\u001b[90m TS2724: \u001b[0m'\"C:/Users/DELL/Desktop/acbu-backend/node_modules/.prisma/client/index\".Prisma' has no exported member named 'MiddlewareFn'. Did you mean 'Middleware'?\n\n\u001b[7m57\u001b[0m   client.$use(async (params: Prisma.MiddlewareParams, next: Prisma.MiddlewareFn) => {\n\u001b[7m  \u001b[0m \u001b[91m                                                                   ~~~~~~~~~~~~\u001b[0m\n\u001b[96msrc/config/database.ts\u001b[0m:\u001b[93m125\u001b[0m:\u001b[93m7\u001b[0m - \u001b[91merror\u001b[0m\u001b[90m TS6133: \u001b[0m'_STATEMENT_TIMEOUT_MS' is declared but its value is never read.\n\n\u001b[7m125\u001b[0m const _STATEMENT_TIMEOUT_MS = parseInt(\n\u001b[7m   \u001b[0m \u001b[91m      ~~~~~~~~~~~~~~~~~~~~~\u001b[0m\n","diagnosticCodes":[2554,2554,2724,6133]}],"failureMessages":[""],"fullName":"#381 WAL backup guard throws in production when PG_WAL_BACKUP_CONFIGURED=false","invocations":1,"location":null,"numPassingAsserts":0,"retryReasons":[],"status":"failed","title":"throws in production when PG_WAL_BACKUP_CONFIGURED=false"},{"ancestorTitles":["#381 WAL backup guard"],"duration":61,"failureDetails":[{"name":"TSError","diagnosticText":"\u001b[96msrc/config/database.ts\u001b[0m:\u001b[93m33\u001b[0m:\u001b[93m30\u001b[0m - \u001b[91merror\u001b[0m\u001b[90m TS2554: \u001b[0mExpected 2 arguments, but got 1.\n\n\u001b[7m33\u001b[0m         const result = await next(params);\n\u001b[7m  \u001b[0m \u001b[91m                             ~~~~\u001b[0m\n\n  \u001b[96mnode_modules/.prisma/client/index.d.ts\u001b[0m:\u001b[93m3506\u001b[0m:\u001b[93m5\u001b[0m\n    \u001b[7m3506\u001b[0m     next: (params: MiddlewareParams) => $Utils.JsPromise<T>,\n    \u001b[7m    \u001b[0m \u001b[96m    ~~~~~~~~~~~~~~~~~~~~~~~~~~~~~~~~~~~~~~~~~~~~~~~~~~~~~~~\u001b[0m\n    An argument for 'next' was not provided.\n\u001b[96msrc/config/database.ts\u001b[0m:\u001b[93m51\u001b[0m:\u001b[93m20\u001b[0m - \u001b[91merror\u001b[0m\u001b[90m TS2554: \u001b[0mExpected 2 arguments, but got 1.\n\n\u001b[7m51\u001b[0m       return await next(params);\n\u001b[7m  \u001b[0m \u001b[91m                   ~~~~\u001b[0m\n\n  \u001b[96mnode_modules/.prisma/client/index.d.ts\u001b[0m:\u001b[93m3506\u001b[0m:\u001b[93m5\u001b[0m\n    \u001b[7m3506\u001b[0m     next: (params: MiddlewareParams) => $Utils.JsPromise<T>,\n    \u001b[7m    \u001b[0m \u001b[96m    ~~~~~~~~~~~~~~~~~~~~~~~~~~~~~~~~~~~~~~~~~~~~~~~~~~~~~~~\u001b[0m\n    An argument for 'next' was not provided.\n\u001b[96msrc/config/database.ts\u001b[0m:\u001b[93m57\u001b[0m:\u001b[93m68\u001b[0m - \u001b[91merror\u001b[0m\u001b[90m TS2724: \u001b[0m'\"C:/Users/DELL/Desktop/acbu-backend/node_modules/.prisma/client/index\".Prisma' has no exported member named 'MiddlewareFn'. Did you mean 'Middleware'?\n\n\u001b[7m57\u001b[0m   client.$use(async (params: Prisma.MiddlewareParams, next: Prisma.MiddlewareFn) => {\n\u001b[7m  \u001b[0m \u001b[91m                                                                   ~~~~~~~~~~~~\u001b[0m\n\u001b[96msrc/config/database.ts\u001b[0m:\u001b[93m125\u001b[0m:\u001b[93m7\u001b[0m - \u001b[91merror\u001b[0m\u001b[90m TS6133: \u001b[0m'_STATEMENT_TIMEOUT_MS' is declared but its value is never read.\n\n\u001b[7m125\u001b[0m const _STATEMENT_TIMEOUT_MS = parseInt(\n\u001b[7m   \u001b[0m \u001b[91m      ~~~~~~~~~~~~~~~~~~~~~\u001b[0m\n","diagnosticCodes":[2554,2554,2724,6133]}],"failureMessages":[""],"fullName":"#381 WAL backup guard connects successfully in production when PG_WAL_BACKUP_CONFIGURED=true","invocations":1,"location":null,"numPassingAsserts":0,"retryReasons":[],"status":"failed","title":"connects successfully in production when PG_WAL_BACKUP_CONFIGURED=true"},{"ancestorTitles":["#381 WAL backup guard"],"duration":93,"failureDetails":[{"name":"TSError","diagnosticText":"\u001b[96msrc/config/database.ts\u001b[0m:\u001b[93m33\u001b[0m:\u001b[93m30\u001b[0m - \u001b[91merror\u001b[0m\u001b[90m TS2554: \u001b[0mExpected 2 arguments, but got 1.\n\n\u001b[7m33\u001b[0m         const result = await next(params);\n\u001b[7m  \u001b[0m \u001b[91m                             ~~~~\u001b[0m\n\n  \u001b[96mnode_modules/.prisma/client/index.d.ts\u001b[0m:\u001b[93m3506\u001b[0m:\u001b[93m5\u001b[0m\n    \u001b[7m3506\u001b[0m     next: (params: MiddlewareParams) => $Utils.JsPromise<T>,\n    \u001b[7m    \u001b[0m \u001b[96m    ~~~~~~~~~~~~~~~~~~~~~~~~~~~~~~~~~~~~~~~~~~~~~~~~~~~~~~~\u001b[0m\n    An argument for 'next' was not provided.\n\u001b[96msrc/config/database.ts\u001b[0m:\u001b[93m51\u001b[0m:\u001b[93m20\u001b[0m - \u001b[91merror\u001b[0m\u001b[90m TS2554: \u001b[0mExpected 2 arguments, but got 1.\n\n\u001b[7m51\u001b[0m       return await next(params);\n\u001b[7m  \u001b[0m \u001b[91m                   ~~~~\u001b[0m\n\n  \u001b[96mnode_modules/.prisma/client/index.d.ts\u001b[0m:\u001b[93m3506\u001b[0m:\u001b[93m5\u001b[0m\n    \u001b[7m3506\u001b[0m     next: (params: MiddlewareParams) => $Utils.JsPromise<T>,\n    \u001b[7m    \u001b[0m \u001b[96m    ~~~~~~~~~~~~~~~~~~~~~~~~~~~~~~~~~~~~~~~~~~~~~~~~~~~~~~~\u001b[0m\n    An argument for 'next' was not provided.\n\u001b[96msrc/config/database.ts\u001b[0m:\u001b[93m57\u001b[0m:\u001b[93m68\u001b[0m - \u001b[91merror\u001b[0m\u001b[90m TS2724: \u001b[0m'\"C:/Users/DELL/Desktop/acbu-backend/node_modules/.prisma/client/index\".Prisma' has no exported member named 'MiddlewareFn'. Did you mean 'Middleware'?\n\n\u001b[7m57\u001b[0m   client.$use(async (params: Prisma.MiddlewareParams, next: Prisma.MiddlewareFn) => {\n\u001b[7m  \u001b[0m \u001b[91m                                                                   ~~~~~~~~~~~~\u001b[0m\n\u001b[96msrc/config/database.ts\u001b[0m:\u001b[93m125\u001b[0m:\u001b[93m7\u001b[0m - \u001b[91merror\u001b[0m\u001b[90m TS6133: \u001b[0m'_STATEMENT_TIMEOUT_MS' is declared but its value is never read.\n\n\u001b[7m125\u001b[0m const _STATEMENT_TIMEOUT_MS = parseInt(\n\u001b[7m   \u001b[0m \u001b[91m      ~~~~~~~~~~~~~~~~~~~~~\u001b[0m\n","diagnosticCodes":[2554,2554,2724,6133]}],"failureMessages":[""],"fullName":"#381 WAL backup guard does not throw in development when PG_WAL_BACKUP_CONFIGURED is not set","invocations":1,"location":null,"numPassingAsserts":0,"retryReasons":[],"status":"failed","title":"does not throw in development when PG_WAL_BACKUP_CONFIGURED is not set"}],"endTime":1787730386449,"message":"\u001b[1m\u001b[31m  \u001b[1m● \u001b[22m\u001b[1m#381 WAL backup guard › throws in production when PG_WAL_BACKUP_CONFIGURED is not set\u001b[39m\u001b[22m\n\n\n\u001b[2m\u001b[22m\n\u001b[2m\u001b[22m\n\n\u001b[1m\u001b[31m  \u001b[1m● \u001b[22m\u001b[1m#381 WAL backup guard › throws in production when PG_WAL_BACKUP_CONFIGURED=false\u001b[39m\u001b[22m\n\n\n\u001b[2m\u001b[22m\n\u001b[2m\u001b[22m\n\n\u001b[1m\u001b[31m  \u001b[1m● \u001b[22m\u001b[1m#381 WAL backup guard › connects successfully in production when PG_WAL_BACKUP_CONFIGURED=true\u001b[39m\u001b[22m\n\n\n\u001b[2m\u001b[22m\n\u001b[2m\u001b[22m\n\n\u001b[1m\u001b[31m  \u001b[1m● \u001b[22m\u001b[1m#381 WAL backup guard › does not throw in development when PG_WAL_BACKUP_CONFIGURED is not set\u001b[39m\u001b[22m\n\n\n\u001b[2m\u001b[22m\n\u001b[2m\u001b[22m\n","name":"C:\\Users\\DELL\\Desktop\\acbu-backend\\tests\\walBackup.test.ts","startTime":1787730375504,"status":"failed","summary":""},{"assertionResults":[],"coverage":{},"endTime":1787730387409,"message":"  \u001b[1m● \u001b[22mTest suite failed to run\n\n    \u001b[96mtests/weightDriftAudit.test.ts\u001b[0m:\u001b[93m175\u001b[0m:\u001b[93m15\u001b[0m - \u001b[91merror\u001b[0m\u001b[90m TS2339: \u001b[0mProperty 'weightDriftAudit' does not exist on type 'PrismaClient<PrismaClientOptions, never, DefaultArgs> | DynamicClientExtensionThis<TypeMap<any, PrismaClientOptions>, TypeMapCb, any, {}>'.\n      Property 'weightDriftAudit' does not exist on type 'PrismaClient<PrismaClientOptions, never, DefaultArgs>'.\n\n    \u001b[7m175\u001b[0m       (prisma.weightDriftAudit.findUniqueOrThrow as jest.Mock).mockResolvedValue(\n    \u001b[7m   \u001b[0m \u001b[91m              ~~~~~~~~~~~~~~~~\u001b[0m\n    \u001b[96mtests/weightDriftAudit.test.ts\u001b[0m:\u001b[93m218\u001b[0m:\u001b[93m15\u001b[0m - \u001b[91merror\u001b[0m\u001b[90m TS2339: \u001b[0mProperty 'weightDriftAudit' does not exist on type 'PrismaClient<PrismaClientOptions, never, DefaultArgs> | DynamicClientExtensionThis<TypeMap<any, PrismaClientOptions>, TypeMapCb, any, {}>'.\n      Property 'weightDriftAudit' does not exist on type 'PrismaClient<PrismaClientOptions, never, DefaultArgs>'.\n\n    \u001b[7m218\u001b[0m       (prisma.weightDriftAudit.findUniqueOrThrow as jest.Mock).mockResolvedValue(\n    \u001b[7m   \u001b[0m \u001b[91m              ~~~~~~~~~~~~~~~~\u001b[0m\n    \u001b[96mtests/weightDriftAudit.test.ts\u001b[0m:\u001b[93m240\u001b[0m:\u001b[93m15\u001b[0m - \u001b[91merror\u001b[0m\u001b[90m TS2339: \u001b[0mProperty 'weightDriftAudit' does not exist on type 'PrismaClient<PrismaClientOptions, never, DefaultArgs> | DynamicClientExtensionThis<TypeMap<any, PrismaClientOptions>, TypeMapCb, any, {}>'.\n      Property 'weightDriftAudit' does not exist on type 'PrismaClient<PrismaClientOptions, never, DefaultArgs>'.\n\n    \u001b[7m240\u001b[0m       (prisma.weightDriftAudit.findUniqueOrThrow as jest.Mock).mockResolvedValue(\n    \u001b[7m   \u001b[0m \u001b[91m              ~~~~~~~~~~~~~~~~\u001b[0m\n    \u001b[96mtests/weightDriftAudit.test.ts\u001b[0m:\u001b[93m292\u001b[0m:\u001b[93m15\u001b[0m - \u001b[91merror\u001b[0m\u001b[90m TS2339: \u001b[0mProperty 'weightDriftAudit' does not exist on type 'PrismaClient<PrismaClientOptions, never, DefaultArgs> | DynamicClientExtensionThis<TypeMap<any, PrismaClientOptions>, TypeMapCb, any, {}>'.\n      Property 'weightDriftAudit' does not exist on type 'PrismaClient<PrismaClientOptions, never, DefaultArgs>'.\n\n    \u001b[7m292\u001b[0m       (prisma.weightDriftAudit.findMany as jest.Mock).mockResolvedValue(\n    \u001b[7m   \u001b[0m \u001b[91m              ~~~~~~~~~~~~~~~~\u001b[0m\n    \u001b[96mtests/weightDriftAudit.test.ts\u001b[0m:\u001b[93m295\u001b[0m:\u001b[93m15\u001b[0m - \u001b[91merror\u001b[0m\u001b[90m TS2339: \u001b[0mProperty 'weightDriftAudit' does not exist on type 'PrismaClient<PrismaClientOptions, never, DefaultArgs> | DynamicClientExtensionThis<TypeMap<any, PrismaClientOptions>, TypeMapCb, any, {}>'.\n      Property 'weightDriftAudit' does not exist on type 'PrismaClient<PrismaClientOptions, never, DefaultArgs>'.\n\n    \u001b[7m295\u001b[0m       (prisma.weightDriftAudit.count as jest.Mock).mockResolvedValue(2);\n    \u001b[7m   \u001b[0m \u001b[91m              ~~~~~~~~~~~~~~~~\u001b[0m\n    \u001b[96mtests/weightDriftAudit.test.ts\u001b[0m:\u001b[93m317\u001b[0m:\u001b[93m15\u001b[0m - \u001b[91merror\u001b[0m\u001b[90m TS2339: \u001b[0mProperty 'weightDriftAudit' does not exist on type 'PrismaClient<PrismaClientOptions, never, DefaultArgs> | DynamicClientExtensionThis<TypeMap<any, PrismaClientOptions>, TypeMapCb, any, {}>'.\n      Property 'weightDriftAudit' does not exist on type 'PrismaClient<PrismaClientOptions, never, DefaultArgs>'.\n\n    \u001b[7m317\u001b[0m       (prisma.weightDriftAudit.findMany as jest.Mock).mockResolvedValue(\n    \u001b[7m   \u001b[0m \u001b[91m              ~~~~~~~~~~~~~~~~\u001b[0m\n    \u001b[96mtests/weightDriftAudit.test.ts\u001b[0m:\u001b[93m320\u001b[0m:\u001b[93m15\u001b[0m - \u001b[91merror\u001b[0m\u001b[90m TS2339: \u001b[0mProperty 'weightDriftAudit' does not exist on type 'PrismaClient<PrismaClientOptions, never, DefaultArgs> | DynamicClientExtensionThis<TypeMap<any, PrismaClientOptions>, TypeMapCb, any, {}>'.\n      Property 'weightDriftAudit' does not exist on type 'PrismaClient<PrismaClientOptions, never, DefaultArgs>'.\n\n    \u001b[7m320\u001b[0m       (prisma.weightDriftAudit.count as jest.Mock).mockResolvedValue(1);\n    \u001b[7m   \u001b[0m \u001b[91m              ~~~~~~~~~~~~~~~~\u001b[0m\n    \u001b[96mtests/weightDriftAudit.test.ts\u001b[0m:\u001b[93m326\u001b[0m:\u001b[93m21\u001b[0m - \u001b[91merror\u001b[0m\u001b[90m TS2339: \u001b[0mProperty 'weightDriftAudit' does not exist on type 'PrismaClient<PrismaClientOptions, never, DefaultArgs> | DynamicClientExtensionThis<TypeMap<any, PrismaClientOptions>, TypeMapCb, any, {}>'.\n      Property 'weightDriftAudit' does not exist on type 'PrismaClient<PrismaClientOptions, never, DefaultArgs>'.\n\n    \u001b[7m326\u001b[0m       expect(prisma.weightDriftAudit.findMany).toHaveBeenCalledWith(\n    \u001b[7m   \u001b[0m \u001b[91m                    ~~~~~~~~~~~~~~~~\u001b[0m\n","name":"C:\\Users\\DELL\\Desktop\\acbu-backend\\tests\\weightDriftAudit.test.ts","startTime":1787730387409,"status":"failed","summary":""}],"wasInterrupted":false}
